[2025-08-15 15:21:58] [ERROR] Error in get_realtime.php: Access denied for user 'manunggal'@'localhost' (using password: YES)
[2025-08-15 15:22:08] [ERROR] Error in get_pump_logs.php: Access denied for user 'manunggal'@'localhost' (using password: YES)
[2025-08-15 15:22:08] [ERROR] Error in moisture_config.php: Access denied for user 'manunggal'@'localhost' (using password: YES)
[2025-08-15 15:22:08] [ERROR] Error in get_realtime.php: Access denied for user 'manunggal'@'localhost' (using password: YES)
[2025-08-15 15:22:09] [INFO] Sensor data received: {"suhu":29.0703125,"kelembapan_tanah":0,"ph":14,"relay":false}
[2025-08-15 15:22:09] [ERROR] Error in senddata.php: Access denied for user 'manunggal'@'localhost' (using password: YES)
[2025-08-15 15:24:41] [ERROR] Error in moisture_config.php: Access denied for user 'manunggal'@'localhost' (using password: YES)
[2025-08-15 15:24:41] [ERROR] Error in get_pump_logs.php: Access denied for user 'manunggal'@'localhost' (using password: YES)
[2025-08-15 15:24:41] [ERROR] Error in get_realtime.php: Access denied for user 'manunggal'@'localhost' (using password: YES)
[2025-08-15 15:24:43] [INFO] Sensor data received: {"suhu":29.0703125,"kelembapan_tanah":0,"ph":14,"relay":false}
[2025-08-15 15:24:43] [ERROR] Error in senddata.php: Access denied for user 'manunggal'@'localhost' (using password: YES)
[2025-08-15 15:25:07] [ERROR] Error in get_realtime.php: Access denied for user 'manunggal'@'localhost' (using password: YES)
[2025-08-15 15:25:08] [ERROR] Error in get_realtime.php: Access denied for user 'manunggal'@'localhost' (using password: YES)
[2025-08-15 15:25:08] [ERROR] Error in get_realtime.php: Access denied for user 'manunggal'@'localhost' (using password: YES)
[2025-08-15 15:25:09] [ERROR] Error in get_realtime.php: Access denied for user 'manunggal'@'localhost' (using password: YES)
[2025-08-15 15:25:09] [ERROR] Error in get_realtime.php: Access denied for user 'manunggal'@'localhost' (using password: YES)
[2025-08-15 15:25:10] [ERROR] Error in get_hourly.php: Access denied for user 'manunggal'@'localhost' (using password: YES)
[2025-08-15 15:25:10] [ERROR] Error in get_hourly.php: Access denied for user 'manunggal'@'localhost' (using password: YES)
[2025-08-15 15:25:11] [ERROR] Error in get_realtime.php: Access denied for user 'manunggal'@'localhost' (using password: YES)
[2025-08-15 15:25:11] [ERROR] Error in get_realtime.php: Access denied for user 'manunggal'@'localhost' (using password: YES)
[2025-08-15 15:25:11] [ERROR] Error in get_realtime.php: Access denied for user 'manunggal'@'localhost' (using password: YES)
[2025-08-15 15:25:11] [ERROR] Error in get_realtime.php: Access denied for user 'manunggal'@'localhost' (using password: YES)
[2025-08-15 15:25:14] [ERROR] Error in get_realtime.php: Access denied for user 'manunggal'@'localhost' (using password: YES)
[2025-08-15 15:26:15] [ERROR] Error in log_pump.php: Access denied for user 'manunggal'@'localhost' (using password: YES)
[2025-08-15 15:26:16] [ERROR] Error in log_pump.php: Access denied for user 'manunggal'@'localhost' (using password: YES)
[2025-08-15 15:26:17] [ERROR] Error in log_pump.php: Access denied for user 'manunggal'@'localhost' (using password: YES)
[2025-08-15 15:26:17] [ERROR] Error in log_pump.php: Access denied for user 'manunggal'@'localhost' (using password: YES)
[2025-08-15 15:26:19] [ERROR] Error in log_pump.php: Access denied for user 'manunggal'@'localhost' (using password: YES)
[2025-08-15 15:26:19] [ERROR] Error in log_pump.php: Access denied for user 'manunggal'@'localhost' (using password: YES)
[2025-08-15 15:26:19] [ERROR] Error in log_pump.php: Access denied for user 'manunggal'@'localhost' (using password: YES)
[2025-08-15 15:26:20] [ERROR] Error in log_pump.php: Access denied for user 'manunggal'@'localhost' (using password: YES)
[2025-08-15 15:26:20] [ERROR] Error in log_pump.php: Access denied for user 'manunggal'@'localhost' (using password: YES)
[2025-08-15 15:26:20] [ERROR] Error in log_pump.php: Access denied for user 'manunggal'@'localhost' (using password: YES)
[2025-08-15 15:26:20] [ERROR] Error in log_pump.php: Access denied for user 'manunggal'@'localhost' (using password: YES)
[2025-08-15 15:26:20] [ERROR] Error in log_pump.php: Access denied for user 'manunggal'@'localhost' (using password: YES)
[2025-08-15 15:26:20] [ERROR] Error in log_pump.php: Access denied for user 'manunggal'@'localhost' (using password: YES)
[2025-08-15 15:26:21] [ERROR] Error in log_pump.php: Access denied for user 'manunggal'@'localhost' (using password: YES)
[2025-08-15 15:26:21] [ERROR] Error in log_pump.php: Access denied for user 'manunggal'@'localhost' (using password: YES)
[2025-08-15 15:26:21] [ERROR] Error in log_pump.php: Access denied for user 'manunggal'@'localhost' (using password: YES)
[2025-08-15 15:26:21] [ERROR] Error in log_pump.php: Access denied for user 'manunggal'@'localhost' (using password: YES)
[2025-08-15 15:26:21] [ERROR] Error in log_pump.php: Access denied for user 'manunggal'@'localhost' (using password: YES)
[2025-08-15 15:26:22] [ERROR] Error in log_pump.php: Access denied for user 'manunggal'@'localhost' (using password: YES)
[2025-08-15 15:26:22] [ERROR] Error in log_pump.php: Access denied for user 'manunggal'@'localhost' (using password: YES)
[2025-08-15 15:26:22] [ERROR] Error in log_pump.php: Access denied for user 'manunggal'@'localhost' (using password: YES)
[2025-08-15 15:26:22] [ERROR] Error in log_pump.php: Access denied for user 'manunggal'@'localhost' (using password: YES)
[2025-08-15 15:26:22] [ERROR] Error in log_pump.php: Access denied for user 'manunggal'@'localhost' (using password: YES)
[2025-08-15 15:26:22] [ERROR] Error in log_pump.php: Access denied for user 'manunggal'@'localhost' (using password: YES)
[2025-08-15 15:26:26] [ERROR] Error in get_realtime.php: Access denied for user 'manunggal'@'localhost' (using password: YES)
[2025-08-15 15:26:41] [ERROR] Error in get_pump_logs.php: Access denied for user 'manunggal'@'localhost' (using password: YES)
[2025-08-15 15:26:41] [ERROR] Error in moisture_config.php: Access denied for user 'manunggal'@'localhost' (using password: YES)
[2025-08-15 15:26:41] [ERROR] Error in get_realtime.php: Access denied for user 'manunggal'@'localhost' (using password: YES)
[2025-08-15 15:26:44] [INFO] Sensor data received: {"suhu":29.0703125,"kelembapan_tanah":0,"ph":14,"relay":false}
[2025-08-15 15:26:44] [ERROR] Error in senddata.php: Access denied for user 'manunggal'@'localhost' (using password: YES)
[2025-08-15 15:26:46] [ERROR] Error in moisture_config.php: Access denied for user 'manunggal'@'localhost' (using password: YES)
[2025-08-15 15:26:46] [ERROR] Error in get_pump_logs.php: Access denied for user 'manunggal'@'localhost' (using password: YES)
[2025-08-15 15:26:46] [ERROR] Error in get_realtime.php: Access denied for user 'manunggal'@'localhost' (using password: YES)
[2025-08-15 15:26:47] [INFO] Sensor data received: {"suhu":29.0703125,"kelembapan_tanah":0,"ph":14,"relay":false}
[2025-08-15 15:26:47] [ERROR] Error in senddata.php: Access denied for user 'manunggal'@'localhost' (using password: YES)
[2025-08-15 15:26:51] [ERROR] Error in get_realtime.php: Access denied for user 'manunggal'@'localhost' (using password: YES)
[2025-08-15 15:26:59] [ERROR] Error in get_realtime.php: Access denied for user 'manunggal'@'localhost' (using password: YES)
[2025-08-15 15:34:07] [INFO] Sensor data received: {"suhu":29.0703125,"kelembapan_tanah":0,"ph":14,"relay":false}
[2025-08-15 15:34:07] [ERROR] Error in senddata.php: Access denied for user 'manunggal'@'localhost' (using password: YES)
[2025-08-15 15:34:07] [INFO] Sensor data received: {"suhu":29.0703125,"kelembapan_tanah":0,"ph":14,"relay":false}
[2025-08-15 15:34:07] [ERROR] Error in senddata.php: Access denied for user 'manunggal'@'localhost' (using password: YES)
[2025-08-15 15:34:10] [INFO] Sensor data received: {"suhu":29.0703125,"kelembapan_tanah":0,"ph":14,"relay":false}
[2025-08-15 15:34:10] [ERROR] Error in senddata.php: Access denied for user 'manunggal'@'localhost' (using password: YES)
[2025-08-15 15:34:11] [INFO] Sensor data received: {"suhu":29.0703125,"kelembapan_tanah":0,"ph":14,"relay":false}
[2025-08-15 15:34:11] [ERROR] Error in senddata.php: Access denied for user 'manunggal'@'localhost' (using password: YES)
[2025-08-15 15:34:35] [ERROR] Error in moisture_config.php: Access denied for user 'manunggal'@'localhost' (using password: YES)
[2025-08-15 15:34:35] [ERROR] Error in get_pump_logs.php: Access denied for user 'manunggal'@'localhost' (using password: YES)
[2025-08-15 15:34:35] [ERROR] Error in get_realtime.php: Access denied for user 'manunggal'@'localhost' (using password: YES)
[2025-08-15 15:34:36] [INFO] Sensor data received: {"suhu":29.0703125,"kelembapan_tanah":0,"ph":14,"relay":false}
[2025-08-15 15:34:36] [ERROR] Error in senddata.php: Access denied for user 'manunggal'@'localhost' (using password: YES)
[2025-08-15 20:11:42] [INFO] Sensor data received: {"suhu":29.0703125,"kelembapan_tanah":0,"ph":14,"relay":false}
[2025-08-15 20:11:42] [ERROR] Error in senddata.php: Access denied for user 'manunggal'@'localhost' (using password: YES)
[2025-08-15 20:12:05] [INFO] Sensor data received: {"suhu":29.0703125,"kelembapan_tanah":0,"ph":14,"relay":false}
[2025-08-15 20:12:05] [ERROR] Error in senddata.php: Access denied for user 'manunggal'@'localhost' (using password: YES)
[2025-08-15 20:13:23] [ERROR] Error in get_pump_logs.php: Access denied for user 'manunggal'@'localhost' (using password: YES)
[2025-08-15 20:13:23] [ERROR] Error in moisture_config.php: Access denied for user 'manunggal'@'localhost' (using password: YES)
[2025-08-15 20:13:23] [ERROR] Error in get_realtime.php: Access denied for user 'manunggal'@'localhost' (using password: YES)
[2025-08-15 20:13:25] [INFO] Sensor data received: {"suhu":29.0703125,"kelembapan_tanah":0,"ph":14,"relay":false}
[2025-08-15 20:13:25] [ERROR] Error in senddata.php: Access denied for user 'manunggal'@'localhost' (using password: YES)
[2025-08-15 20:13:28] [ERROR] Error in get_realtime.php: Access denied for user 'manunggal'@'localhost' (using password: YES)
[2025-08-15 20:13:30] [ERROR] Error in get_realtime.php: Access denied for user 'manunggal'@'localhost' (using password: YES)
[2025-08-15 20:13:30] [ERROR] Error in get_realtime.php: Access denied for user 'manunggal'@'localhost' (using password: YES)
[2025-08-15 20:13:31] [ERROR] Error in get_realtime.php: Access denied for user 'manunggal'@'localhost' (using password: YES)
[2025-08-15 20:13:31] [ERROR] Error in get_realtime.php: Access denied for user 'manunggal'@'localhost' (using password: YES)
[2025-08-15 20:13:32] [ERROR] Error in get_hourly.php: Access denied for user 'manunggal'@'localhost' (using password: YES)
[2025-08-15 20:13:32] [ERROR] Error in get_hourly.php: Access denied for user 'manunggal'@'localhost' (using password: YES)
[2025-08-15 20:13:32] [ERROR] Error in get_hourly.php: Access denied for user 'manunggal'@'localhost' (using password: YES)
[2025-08-15 20:13:32] [ERROR] Error in get_hourly.php: Access denied for user 'manunggal'@'localhost' (using password: YES)
[2025-08-15 20:13:35] [ERROR] Error in get_realtime.php: Access denied for user 'manunggal'@'localhost' (using password: YES)
[2025-08-15 20:14:07] [INFO] Sensor data received: {"suhu":28.75,"kelembapan_tanah":0,"ph":14,"relay":false}
[2025-08-15 20:14:07] [INFO] Sensor data received: {"suhu":28.75,"kelembapan_tanah":0,"ph":14,"relay":false}
[2025-08-15 20:14:07] [ERROR] Error in senddata.php: Access denied for user 'manunggal'@'localhost' (using password: YES)
[2025-08-15 20:14:07] [ERROR] Error in senddata.php: Access denied for user 'manunggal'@'localhost' (using password: YES)
[2025-08-15 20:14:13] [INFO] Sensor data received: {"suhu":28.77083397,"kelembapan_tanah":0,"ph":14,"relay":false}
[2025-08-15 20:14:13] [INFO] Sensor data received: {"suhu":28.77083397,"kelembapan_tanah":0,"ph":14,"relay":false}
[2025-08-15 20:14:13] [ERROR] Error in senddata.php: Access denied for user 'manunggal'@'localhost' (using password: YES)
[2025-08-15 20:14:14] [ERROR] Error in senddata.php: Access denied for user 'manunggal'@'localhost' (using password: YES)
[2025-08-15 20:14:20] [INFO] Sensor data received: {"suhu":28.7946434,"kelembapan_tanah":0,"ph":14,"relay":false}
[2025-08-15 20:14:20] [ERROR] Error in senddata.php: Access denied for user 'manunggal'@'localhost' (using password: YES)
[2025-08-15 20:14:20] [INFO] Sensor data received: {"suhu":28.7946434,"kelembapan_tanah":0,"ph":14,"relay":false}
[2025-08-15 20:14:20] [ERROR] Error in senddata.php: Access denied for user 'manunggal'@'localhost' (using password: YES)
[2025-08-15 20:14:26] [INFO] Sensor data received: {"suhu":28.8125,"kelembapan_tanah":0,"ph":14,"relay":false}
[2025-08-15 20:14:26] [INFO] Sensor data received: {"suhu":28.8125,"kelembapan_tanah":0,"ph":14,"relay":false}
[2025-08-15 20:14:26] [ERROR] Error in senddata.php: Access denied for user 'manunggal'@'localhost' (using password: YES)
[2025-08-15 20:14:26] [ERROR] Error in senddata.php: Access denied for user 'manunggal'@'localhost' (using password: YES)
[2025-08-15 20:14:32] [INFO] Sensor data received: {"suhu":28.8046875,"kelembapan_tanah":0,"ph":14,"relay":false}
[2025-08-15 20:14:32] [INFO] Sensor data received: {"suhu":28.8046875,"kelembapan_tanah":0,"ph":14,"relay":false}
[2025-08-15 20:14:32] [ERROR] Error in senddata.php: Access denied for user 'manunggal'@'localhost' (using password: YES)
[2025-08-15 20:14:32] [ERROR] Error in senddata.php: Access denied for user 'manunggal'@'localhost' (using password: YES)
[2025-08-15 20:14:38] [INFO] Sensor data received: {"suhu":28.8046875,"kelembapan_tanah":0,"ph":14,"relay":false}
[2025-08-15 20:14:38] [INFO] Sensor data received: {"suhu":28.8046875,"kelembapan_tanah":0,"ph":14,"relay":false}
[2025-08-15 20:14:38] [ERROR] Error in senddata.php: Access denied for user 'manunggal'@'localhost' (using password: YES)
[2025-08-15 20:14:38] [ERROR] Error in senddata.php: Access denied for user 'manunggal'@'localhost' (using password: YES)
[2025-08-15 20:14:44] [INFO] Sensor data received: {"suhu":28.8125,"kelembapan_tanah":0,"ph":14,"relay":false}
[2025-08-15 20:14:44] [INFO] Sensor data received: {"suhu":28.8125,"kelembapan_tanah":0,"ph":14,"relay":false}
[2025-08-15 20:14:44] [ERROR] Error in senddata.php: Access denied for user 'manunggal'@'localhost' (using password: YES)
[2025-08-15 20:14:44] [ERROR] Error in senddata.php: Access denied for user 'manunggal'@'localhost' (using password: YES)
[2025-08-15 20:14:51] [INFO] Sensor data received: {"suhu":28.8125,"kelembapan_tanah":0,"ph":14,"relay":false}
[2025-08-15 20:14:51] [INFO] Sensor data received: {"suhu":28.8125,"kelembapan_tanah":0,"ph":14,"relay":false}
[2025-08-15 20:14:51] [ERROR] Error in senddata.php: Access denied for user 'manunggal'@'localhost' (using password: YES)
[2025-08-15 20:14:51] [ERROR] Error in senddata.php: Access denied for user 'manunggal'@'localhost' (using password: YES)
[2025-08-15 20:14:51] [ERROR] Error in moisture_config.php: Access denied for user 'manunggal'@'localhost' (using password: YES)
[2025-08-15 20:14:51] [ERROR] Error in get_pump_logs.php: Access denied for user 'manunggal'@'localhost' (using password: YES)
[2025-08-15 20:14:51] [ERROR] Error in get_realtime.php: Access denied for user 'manunggal'@'localhost' (using password: YES)
[2025-08-15 20:14:53] [INFO] Sensor data received: {"suhu":28.8125,"kelembapan_tanah":0,"ph":14,"relay":false}
[2025-08-15 20:14:53] [ERROR] Error in senddata.php: Access denied for user 'manunggal'@'localhost' (using password: YES)
[2025-08-15 20:14:57] [INFO] Sensor data received: {"suhu":28.8125,"kelembapan_tanah":0,"ph":14,"relay":false}
[2025-08-15 20:14:57] [INFO] Sensor data received: {"suhu":28.8125,"kelembapan_tanah":0,"ph":14,"relay":false}
[2025-08-15 20:14:57] [ERROR] Error in senddata.php: Access denied for user 'manunggal'@'localhost' (using password: YES)
[2025-08-15 20:14:57] [ERROR] Error in senddata.php: Access denied for user 'manunggal'@'localhost' (using password: YES)
[2025-08-15 20:15:03] [INFO] Sensor data received: {"suhu":28.8125,"kelembapan_tanah":0,"ph":14,"relay":false}
[2025-08-15 20:15:03] [INFO] Sensor data received: {"suhu":28.8125,"kelembapan_tanah":0,"ph":14,"relay":false}
[2025-08-15 20:15:03] [ERROR] Error in senddata.php: Access denied for user 'manunggal'@'localhost' (using password: YES)
[2025-08-15 20:15:03] [ERROR] Error in senddata.php: Access denied for user 'manunggal'@'localhost' (using password: YES)
[2025-08-15 20:15:06] [ERROR] Error in get_realtime.php: Access denied for user 'manunggal'@'localhost' (using password: YES)
[2025-08-15 20:15:09] [INFO] Sensor data received: {"suhu":28.8125,"kelembapan_tanah":0,"ph":14,"relay":false}
[2025-08-15 20:15:09] [ERROR] Error in senddata.php: Access denied for user 'manunggal'@'localhost' (using password: YES)
[2025-08-15 20:15:09] [INFO] Sensor data received: {"suhu":28.8125,"kelembapan_tanah":0,"ph":14,"relay":false}
[2025-08-15 20:15:09] [ERROR] Error in senddata.php: Access denied for user 'manunggal'@'localhost' (using password: YES)
[2025-08-15 20:15:14] [ERROR] Error in get_realtime.php: Access denied for user 'manunggal'@'localhost' (using password: YES)
[2025-08-15 20:15:15] [INFO] Sensor data received: {"suhu":28.8125,"kelembapan_tanah":0,"ph":14,"relay":false}
[2025-08-15 20:15:15] [INFO] Sensor data received: {"suhu":28.8125,"kelembapan_tanah":0,"ph":14,"relay":false}
[2025-08-15 20:15:15] [ERROR] Error in senddata.php: Access denied for user 'manunggal'@'localhost' (using password: YES)
[2025-08-15 20:15:15] [ERROR] Error in senddata.php: Access denied for user 'manunggal'@'localhost' (using password: YES)
[2025-08-15 20:15:18] [ERROR] Error in get_realtime.php: Access denied for user 'manunggal'@'localhost' (using password: YES)
[2025-08-15 20:15:21] [INFO] Sensor data received: {"suhu":28.8125,"kelembapan_tanah":0,"ph":14,"relay":false}
[2025-08-15 20:15:21] [INFO] Sensor data received: {"suhu":28.8125,"kelembapan_tanah":0,"ph":14,"relay":false}
[2025-08-15 20:15:21] [ERROR] Error in senddata.php: Access denied for user 'manunggal'@'localhost' (using password: YES)
[2025-08-15 20:15:21] [ERROR] Error in senddata.php: Access denied for user 'manunggal'@'localhost' (using password: YES)
[2025-08-15 20:15:28] [INFO] Sensor data received: {"suhu":28.8125,"kelembapan_tanah":27,"ph":14,"relay":false}
[2025-08-15 20:15:28] [INFO] Sensor data received: {"suhu":28.8125,"kelembapan_tanah":27,"ph":14,"relay":false}
[2025-08-15 20:15:28] [ERROR] Error in senddata.php: Access denied for user 'manunggal'@'localhost' (using password: YES)
[2025-08-15 20:15:28] [ERROR] Error in senddata.php: Access denied for user 'manunggal'@'localhost' (using password: YES)
[2025-08-15 20:15:34] [INFO] Sensor data received: {"suhu":28.8125,"kelembapan_tanah":75,"ph":14,"relay":false}
[2025-08-15 20:15:34] [INFO] Sensor data received: {"suhu":28.8125,"kelembapan_tanah":75,"ph":14,"relay":false}
[2025-08-15 20:15:34] [ERROR] Error in senddata.php: Access denied for user 'manunggal'@'localhost' (using password: YES)
[2025-08-15 20:15:34] [ERROR] Error in senddata.php: Access denied for user 'manunggal'@'localhost' (using password: YES)
[2025-08-15 20:15:37] [ERROR] Error in get_realtime.php: Access denied for user 'manunggal'@'localhost' (using password: YES)
[2025-08-15 20:15:40] [INFO] Sensor data received: {"suhu":28.8125,"kelembapan_tanah":98,"ph":14,"relay":false}
[2025-08-15 20:15:40] [INFO] Sensor data received: {"suhu":28.8125,"kelembapan_tanah":98,"ph":14,"relay":false}
[2025-08-15 20:15:40] [ERROR] Error in senddata.php: Access denied for user 'manunggal'@'localhost' (using password: YES)
[2025-08-15 20:15:40] [ERROR] Error in senddata.php: Access denied for user 'manunggal'@'localhost' (using password: YES)
[2025-08-15 20:15:46] [INFO] Sensor data received: {"suhu":28.8125,"kelembapan_tanah":99,"ph":14,"relay":false}
[2025-08-15 20:15:46] [INFO] Sensor data received: {"suhu":28.8125,"kelembapan_tanah":99,"ph":14,"relay":false}
[2025-08-15 20:15:46] [ERROR] Error in senddata.php: Access denied for user 'manunggal'@'localhost' (using password: YES)
[2025-08-15 20:15:46] [ERROR] Error in senddata.php: Access denied for user 'manunggal'@'localhost' (using password: YES)
[2025-08-15 20:15:52] [INFO] Sensor data received: {"suhu":28.8203125,"kelembapan_tanah":99,"ph":14,"relay":false}
[2025-08-15 20:15:52] [INFO] Sensor data received: {"suhu":28.8203125,"kelembapan_tanah":99,"ph":14,"relay":false}
[2025-08-15 20:15:52] [ERROR] Error in senddata.php: Access denied for user 'manunggal'@'localhost' (using password: YES)
[2025-08-15 20:15:52] [ERROR] Error in senddata.php: Access denied for user 'manunggal'@'localhost' (using password: YES)
[2025-08-15 20:15:59] [INFO] Sensor data received: {"suhu":28.8203125,"kelembapan_tanah":99,"ph":14,"relay":false}
[2025-08-15 20:15:59] [INFO] Sensor data received: {"suhu":28.8203125,"kelembapan_tanah":99,"ph":14,"relay":false}
[2025-08-15 20:15:59] [ERROR] Error in senddata.php: Access denied for user 'manunggal'@'localhost' (using password: YES)
[2025-08-15 20:15:59] [ERROR] Error in senddata.php: Access denied for user 'manunggal'@'localhost' (using password: YES)
[2025-08-15 20:16:05] [INFO] Sensor data received: {"suhu":28.8125,"kelembapan_tanah":98,"ph":14,"relay":false}
[2025-08-15 20:16:05] [INFO] Sensor data received: {"suhu":28.8125,"kelembapan_tanah":98,"ph":14,"relay":false}
[2025-08-15 20:16:05] [ERROR] Error in senddata.php: Access denied for user 'manunggal'@'localhost' (using password: YES)
[2025-08-15 20:16:05] [ERROR] Error in senddata.php: Access denied for user 'manunggal'@'localhost' (using password: YES)
[2025-08-15 20:16:11] [INFO] Sensor data received: {"suhu":28.8203125,"kelembapan_tanah":95,"ph":14,"relay":false}
[2025-08-15 20:16:11] [ERROR] Error in senddata.php: Access denied for user 'manunggal'@'localhost' (using password: YES)
[2025-08-15 20:16:11] [INFO] Sensor data received: {"suhu":28.8203125,"kelembapan_tanah":95,"ph":14,"relay":false}
[2025-08-15 20:16:11] [ERROR] Error in senddata.php: Access denied for user 'manunggal'@'localhost' (using password: YES)
[2025-08-15 20:16:17] [INFO] Sensor data received: {"suhu":28.828125,"kelembapan_tanah":46,"ph":14,"relay":false}
[2025-08-15 20:16:17] [INFO] Sensor data received: {"suhu":28.828125,"kelembapan_tanah":46,"ph":14,"relay":false}
[2025-08-15 20:16:17] [ERROR] Error in senddata.php: Access denied for user 'manunggal'@'localhost' (using password: YES)
[2025-08-15 20:16:17] [ERROR] Error in senddata.php: Access denied for user 'manunggal'@'localhost' (using password: YES)
[2025-08-15 20:16:23] [INFO] Sensor data received: {"suhu":28.828125,"kelembapan_tanah":0,"ph":14,"relay":false}
[2025-08-15 20:16:23] [INFO] Sensor data received: {"suhu":28.828125,"kelembapan_tanah":0,"ph":14,"relay":false}
[2025-08-15 20:16:23] [ERROR] Error in senddata.php: Access denied for user 'manunggal'@'localhost' (using password: YES)
[2025-08-15 20:16:23] [ERROR] Error in senddata.php: Access denied for user 'manunggal'@'localhost' (using password: YES)
[2025-08-15 20:16:29] [INFO] Sensor data received: {"suhu":28.828125,"kelembapan_tanah":0,"ph":14,"relay":false}
[2025-08-15 20:16:29] [INFO] Sensor data received: {"suhu":28.828125,"kelembapan_tanah":0,"ph":14,"relay":false}
[2025-08-15 20:16:29] [ERROR] Error in senddata.php: Access denied for user 'manunggal'@'localhost' (using password: YES)
[2025-08-15 20:16:29] [ERROR] Error in senddata.php: Access denied for user 'manunggal'@'localhost' (using password: YES)
[2025-08-15 20:16:34] [ERROR] Error in get_realtime.php: Access denied for user 'manunggal'@'localhost' (using password: YES)
[2025-08-15 20:16:36] [INFO] Sensor data received: {"suhu":28.8203125,"kelembapan_tanah":0,"ph":14,"relay":false}
[2025-08-15 20:16:36] [ERROR] Error in senddata.php: Access denied for user 'manunggal'@'localhost' (using password: YES)
[2025-08-15 20:16:36] [INFO] Sensor data received: {"suhu":28.8203125,"kelembapan_tanah":0,"ph":14,"relay":false}
[2025-08-15 20:16:36] [ERROR] Error in senddata.php: Access denied for user 'manunggal'@'localhost' (using password: YES)
[2025-08-15 20:16:38] [ERROR] Error in get_realtime.php: Access denied for user 'manunggal'@'localhost' (using password: YES)
[2025-08-15 20:16:42] [INFO] Sensor data received: {"suhu":28.8203125,"kelembapan_tanah":0,"ph":14,"relay":false}
[2025-08-15 20:16:42] [INFO] Sensor data received: {"suhu":28.8203125,"kelembapan_tanah":0,"ph":14,"relay":false}
[2025-08-15 20:16:42] [ERROR] Error in senddata.php: Access denied for user 'manunggal'@'localhost' (using password: YES)
[2025-08-15 20:16:42] [ERROR] Error in senddata.php: Access denied for user 'manunggal'@'localhost' (using password: YES)
[2025-08-15 20:16:48] [INFO] Sensor data received: {"suhu":28.8203125,"kelembapan_tanah":0,"ph":14,"relay":false}
[2025-08-15 20:16:48] [INFO] Sensor data received: {"suhu":28.8203125,"kelembapan_tanah":0,"ph":14,"relay":false}
[2025-08-15 20:16:48] [ERROR] Error in senddata.php: Access denied for user 'manunggal'@'localhost' (using password: YES)
[2025-08-15 20:16:48] [ERROR] Error in senddata.php: Access denied for user 'manunggal'@'localhost' (using password: YES)
[2025-08-15 20:16:54] [INFO] Sensor data received: {"suhu":28.8125,"kelembapan_tanah":0,"ph":14,"relay":false}
[2025-08-15 20:16:54] [INFO] Sensor data received: {"suhu":28.8125,"kelembapan_tanah":0,"ph":14,"relay":false}
[2025-08-15 20:16:54] [ERROR] Error in senddata.php: Access denied for user 'manunggal'@'localhost' (using password: YES)
[2025-08-15 20:16:54] [ERROR] Error in senddata.php: Access denied for user 'manunggal'@'localhost' (using password: YES)
[2025-08-15 20:17:00] [INFO] Sensor data received: {"suhu":28.8125,"kelembapan_tanah":0,"ph":14,"relay":false}
[2025-08-15 20:17:00] [INFO] Sensor data received: {"suhu":28.8125,"kelembapan_tanah":0,"ph":14,"relay":false}
[2025-08-15 20:17:00] [ERROR] Error in senddata.php: Access denied for user 'manunggal'@'localhost' (using password: YES)
[2025-08-15 20:17:00] [ERROR] Error in senddata.php: Access denied for user 'manunggal'@'localhost' (using password: YES)
[2025-08-15 20:17:06] [INFO] Sensor data received: {"suhu":28.8125,"kelembapan_tanah":0,"ph":14,"relay":false}
[2025-08-15 20:17:06] [INFO] Sensor data received: {"suhu":28.8125,"kelembapan_tanah":0,"ph":14,"relay":false}
[2025-08-15 20:17:06] [ERROR] Error in senddata.php: Access denied for user 'manunggal'@'localhost' (using password: YES)
[2025-08-15 20:17:06] [ERROR] Error in senddata.php: Access denied for user 'manunggal'@'localhost' (using password: YES)
[2025-08-15 20:17:13] [INFO] Sensor data received: {"suhu":28.859375,"kelembapan_tanah":0,"ph":14,"relay":false}
[2025-08-15 20:17:13] [INFO] Sensor data received: {"suhu":28.859375,"kelembapan_tanah":0,"ph":14,"relay":false}
[2025-08-15 20:17:13] [ERROR] Error in senddata.php: Access denied for user 'manunggal'@'localhost' (using password: YES)
[2025-08-15 20:17:13] [ERROR] Error in senddata.php: Access denied for user 'manunggal'@'localhost' (using password: YES)
[2025-08-15 20:17:19] [INFO] Sensor data received: {"suhu":29.578125,"kelembapan_tanah":0,"ph":14,"relay":false}
[2025-08-15 20:17:19] [INFO] Sensor data received: {"suhu":29.578125,"kelembapan_tanah":0,"ph":14,"relay":false}
[2025-08-15 20:17:19] [ERROR] Error in senddata.php: Access denied for user 'manunggal'@'localhost' (using password: YES)
[2025-08-15 20:17:19] [ERROR] Error in senddata.php: Access denied for user 'manunggal'@'localhost' (using password: YES)
[2025-08-15 20:17:25] [INFO] Sensor data received: {"suhu":30.8359375,"kelembapan_tanah":0,"ph":14,"relay":false}
[2025-08-15 20:17:25] [INFO] Sensor data received: {"suhu":30.8359375,"kelembapan_tanah":0,"ph":14,"relay":false}
[2025-08-15 20:17:25] [ERROR] Error in senddata.php: Access denied for user 'manunggal'@'localhost' (using password: YES)
[2025-08-15 20:17:25] [ERROR] Error in senddata.php: Access denied for user 'manunggal'@'localhost' (using password: YES)
[2025-08-15 20:17:32] [INFO] Sensor data received: {"suhu":31.734375,"kelembapan_tanah":0,"ph":14,"relay":false}
[2025-08-15 20:17:32] [INFO] Sensor data received: {"suhu":31.734375,"kelembapan_tanah":0,"ph":14,"relay":false}
[2025-08-15 20:17:32] [ERROR] Error in senddata.php: Access denied for user 'manunggal'@'localhost' (using password: YES)
[2025-08-15 20:17:32] [ERROR] Error in senddata.php: Access denied for user 'manunggal'@'localhost' (using password: YES)
[2025-08-15 20:17:37] [INFO] Sensor data received: {"suhu":32.3046875,"kelembapan_tanah":0,"ph":14,"relay":false}
[2025-08-15 20:17:37] [INFO] Sensor data received: {"suhu":32.3046875,"kelembapan_tanah":0,"ph":14,"relay":false}
[2025-08-15 20:17:37] [ERROR] Error in senddata.php: Access denied for user 'manunggal'@'localhost' (using password: YES)
[2025-08-15 20:17:37] [ERROR] Error in senddata.php: Access denied for user 'manunggal'@'localhost' (using password: YES)
[2025-08-15 20:17:44] [INFO] Sensor data received: {"suhu":32.71875,"kelembapan_tanah":0,"ph":14,"relay":false}
[2025-08-15 20:17:44] [INFO] Sensor data received: {"suhu":32.71875,"kelembapan_tanah":0,"ph":14,"relay":false}
[2025-08-15 20:17:44] [ERROR] Error in senddata.php: Access denied for user 'manunggal'@'localhost' (using password: YES)
[2025-08-15 20:17:44] [ERROR] Error in senddata.php: Access denied for user 'manunggal'@'localhost' (using password: YES)
[2025-08-15 20:17:50] [INFO] Sensor data received: {"suhu":32.984375,"kelembapan_tanah":0,"ph":14,"relay":false}
[2025-08-15 20:17:50] [INFO] Sensor data received: {"suhu":32.984375,"kelembapan_tanah":0,"ph":14,"relay":false}
[2025-08-15 20:17:50] [ERROR] Error in senddata.php: Access denied for user 'manunggal'@'localhost' (using password: YES)
[2025-08-15 20:17:50] [ERROR] Error in senddata.php: Access denied for user 'manunggal'@'localhost' (using password: YES)
[2025-08-15 20:17:56] [INFO] Sensor data received: {"suhu":33.1875,"kelembapan_tanah":0,"ph":14,"relay":false}
[2025-08-15 20:17:56] [INFO] Sensor data received: {"suhu":33.1875,"kelembapan_tanah":0,"ph":14,"relay":false}
[2025-08-15 20:17:56] [ERROR] Error in senddata.php: Access denied for user 'manunggal'@'localhost' (using password: YES)
[2025-08-15 20:17:56] [ERROR] Error in senddata.php: Access denied for user 'manunggal'@'localhost' (using password: YES)
[2025-08-15 20:18:02] [INFO] Sensor data received: {"suhu":33.34375,"kelembapan_tanah":0,"ph":14,"relay":false}
[2025-08-15 20:18:02] [INFO] Sensor data received: {"suhu":33.34375,"kelembapan_tanah":0,"ph":14,"relay":false}
[2025-08-15 20:18:02] [ERROR] Error in senddata.php: Access denied for user 'manunggal'@'localhost' (using password: YES)
[2025-08-15 20:18:02] [ERROR] Error in senddata.php: Access denied for user 'manunggal'@'localhost' (using password: YES)
[2025-08-15 20:18:08] [INFO] Sensor data received: {"suhu":33.46875,"kelembapan_tanah":0,"ph":14,"relay":false}
[2025-08-15 20:18:08] [INFO] Sensor data received: {"suhu":33.46875,"kelembapan_tanah":0,"ph":14,"relay":false}
[2025-08-15 20:18:08] [ERROR] Error in senddata.php: Access denied for user 'manunggal'@'localhost' (using password: YES)
[2025-08-15 20:18:08] [ERROR] Error in senddata.php: Access denied for user 'manunggal'@'localhost' (using password: YES)
[2025-08-15 20:18:14] [INFO] Sensor data received: {"suhu":33.5859375,"kelembapan_tanah":0,"ph":14,"relay":false}
[2025-08-15 20:18:14] [INFO] Sensor data received: {"suhu":33.5859375,"kelembapan_tanah":0,"ph":14,"relay":false}
[2025-08-15 20:18:14] [ERROR] Error in senddata.php: Access denied for user 'manunggal'@'localhost' (using password: YES)
[2025-08-15 20:18:14] [ERROR] Error in senddata.php: Access denied for user 'manunggal'@'localhost' (using password: YES)
[2025-08-15 20:18:20] [INFO] Sensor data received: {"suhu":33.671875,"kelembapan_tanah":0,"ph":14,"relay":false}
[2025-08-15 20:18:20] [INFO] Sensor data received: {"suhu":33.671875,"kelembapan_tanah":0,"ph":14,"relay":false}
[2025-08-15 20:18:20] [ERROR] Error in senddata.php: Access denied for user 'manunggal'@'localhost' (using password: YES)
[2025-08-15 20:18:20] [ERROR] Error in senddata.php: Access denied for user 'manunggal'@'localhost' (using password: YES)
[2025-08-15 20:18:27] [INFO] Sensor data received: {"suhu":33.7421875,"kelembapan_tanah":0,"ph":14,"relay":false}
[2025-08-15 20:18:27] [INFO] Sensor data received: {"suhu":33.7421875,"kelembapan_tanah":0,"ph":14,"relay":false}
[2025-08-15 20:18:27] [ERROR] Error in senddata.php: Access denied for user 'manunggal'@'localhost' (using password: YES)
[2025-08-15 20:18:27] [ERROR] Error in senddata.php: Access denied for user 'manunggal'@'localhost' (using password: YES)
[2025-08-15 20:18:33] [INFO] Sensor data received: {"suhu":33.8125,"kelembapan_tanah":0,"ph":14,"relay":false}
[2025-08-15 20:18:33] [ERROR] Error in senddata.php: Access denied for user 'manunggal'@'localhost' (using password: YES)
[2025-08-15 20:18:39] [INFO] Sensor data received: {"suhu":33.8671875,"kelembapan_tanah":0,"ph":14,"relay":false}
[2025-08-15 20:18:39] [ERROR] Error in senddata.php: Access denied for user 'manunggal'@'localhost' (using password: YES)
[2025-08-15 20:18:45] [INFO] Sensor data received: {"suhu":33.921875,"kelembapan_tanah":0,"ph":14,"relay":false}
[2025-08-15 20:18:45] [ERROR] Error in senddata.php: Access denied for user 'manunggal'@'localhost' (using password: YES)
[2025-08-15 20:18:46] [INFO] Sensor data received: {"suhu":33.921875,"kelembapan_tanah":0,"ph":14,"relay":false}
[2025-08-15 20:18:46] [ERROR] Error in senddata.php: Access denied for user 'manunggal'@'localhost' (using password: YES)
[2025-08-15 20:18:47] [ERROR] Error in moisture_config.php: Access denied for user 'manunggal'@'localhost' (using password: YES)
[2025-08-15 20:18:47] [ERROR] Error in get_pump_logs.php: Access denied for user 'manunggal'@'localhost' (using password: YES)
[2025-08-15 20:18:47] [ERROR] Error in get_realtime.php: Access denied for user 'manunggal'@'localhost' (using password: YES)
[2025-08-15 20:18:49] [INFO] Sensor data received: {"suhu":33.921875,"kelembapan_tanah":0,"ph":14,"relay":false}
[2025-08-15 20:18:49] [ERROR] Error in senddata.php: Access denied for user 'manunggal'@'localhost' (using password: YES)
[2025-08-15 20:18:52] [INFO] Sensor data received: {"suhu":33.890625,"kelembapan_tanah":0,"ph":14,"relay":false}
[2025-08-15 20:18:52] [INFO] Sensor data received: {"suhu":33.890625,"kelembapan_tanah":0,"ph":14,"relay":false}
[2025-08-15 20:18:52] [ERROR] Error in senddata.php: Access denied for user 'manunggal'@'localhost' (using password: YES)
[2025-08-15 20:18:52] [ERROR] Error in senddata.php: Access denied for user 'manunggal'@'localhost' (using password: YES)
[2025-08-15 20:18:55] [ERROR] Error in get_pump_logs.php: Access denied for user 'manunggal'@'localhost' (using password: YES)
[2025-08-15 20:18:55] [ERROR] Error in moisture_config.php: Access denied for user 'manunggal'@'localhost' (using password: YES)
[2025-08-15 20:18:55] [ERROR] Error in get_realtime.php: Access denied for user 'manunggal'@'localhost' (using password: YES)
[2025-08-15 20:18:56] [ERROR] Error in moisture_config.php: Access denied for user 'manunggal'@'localhost' (using password: YES)
[2025-08-15 20:18:56] [ERROR] Error in get_pump_logs.php: Access denied for user 'manunggal'@'localhost' (using password: YES)
[2025-08-15 20:18:56] [ERROR] Error in get_realtime.php: Access denied for user 'manunggal'@'localhost' (using password: YES)
[2025-08-15 20:18:57] [ERROR] Error in moisture_config.php: Access denied for user 'manunggal'@'localhost' (using password: YES)
[2025-08-15 20:18:57] [ERROR] Error in get_pump_logs.php: Access denied for user 'manunggal'@'localhost' (using password: YES)
[2025-08-15 20:18:57] [ERROR] Error in get_realtime.php: Access denied for user 'manunggal'@'localhost' (using password: YES)
[2025-08-15 20:18:57] [ERROR] Error in moisture_config.php: Access denied for user 'manunggal'@'localhost' (using password: YES)
[2025-08-15 20:18:57] [ERROR] Error in get_realtime.php: Access denied for user 'manunggal'@'localhost' (using password: YES)
[2025-08-15 20:18:57] [ERROR] Error in get_pump_logs.php: Access denied for user 'manunggal'@'localhost' (using password: YES)
[2025-08-15 20:18:58] [INFO] Sensor data received: {"suhu":33.8671875,"kelembapan_tanah":0,"ph":14,"relay":false}
[2025-08-15 20:18:58] [ERROR] Error in senddata.php: Access denied for user 'manunggal'@'localhost' (using password: YES)
[2025-08-15 20:18:59] [INFO] Sensor data received: {"suhu":33.8671875,"kelembapan_tanah":0,"ph":14,"relay":false}
[2025-08-15 20:18:59] [ERROR] Error in senddata.php: Access denied for user 'manunggal'@'localhost' (using password: YES)
[2025-08-15 20:19:03] [ERROR] Error in moisture_config.php: Access denied for user 'manunggal'@'localhost' (using password: YES)
[2025-08-15 20:19:03] [ERROR] Error in get_pump_logs.php: Access denied for user 'manunggal'@'localhost' (using password: YES)
[2025-08-15 20:19:03] [ERROR] Error in get_realtime.php: Access denied for user 'manunggal'@'localhost' (using password: YES)
[2025-08-15 20:19:04] [INFO] Sensor data received: {"suhu":33.84375,"kelembapan_tanah":0,"ph":14,"relay":false}
[2025-08-15 20:19:04] [ERROR] Error in senddata.php: Access denied for user 'manunggal'@'localhost' (using password: YES)
[2025-08-15 20:19:05] [INFO] Sensor data received: {"suhu":33.84375,"kelembapan_tanah":0,"ph":14,"relay":false}
[2025-08-15 20:19:05] [ERROR] Error in senddata.php: Access denied for user 'manunggal'@'localhost' (using password: YES)
[2025-08-15 20:19:10] [INFO] Sensor data received: {"suhu":33.6953125,"kelembapan_tanah":0,"ph":14,"relay":false}
[2025-08-15 20:19:10] [INFO] Sensor data received: {"suhu":33.6953125,"kelembapan_tanah":0,"ph":14,"relay":false}
[2025-08-15 20:19:10] [ERROR] Error in senddata.php: Access denied for user 'manunggal'@'localhost' (using password: YES)
[2025-08-15 20:19:10] [ERROR] Error in senddata.php: Access denied for user 'manunggal'@'localhost' (using password: YES)
[2025-08-15 20:19:16] [INFO] Sensor data received: {"suhu":33.5625,"kelembapan_tanah":0,"ph":14,"relay":false}
[2025-08-15 20:19:16] [ERROR] Error in senddata.php: Access denied for user 'manunggal'@'localhost' (using password: YES)
[2025-08-15 20:19:22] [INFO] Sensor data received: {"suhu":33.4609375,"kelembapan_tanah":0,"ph":14,"relay":false}
[2025-08-15 20:19:22] [ERROR] Error in senddata.php: Access denied for user 'manunggal'@'localhost' (using password: YES)
[2025-08-15 20:19:28] [INFO] Sensor data received: {"suhu":33.3671875,"kelembapan_tanah":0,"ph":14,"relay":false}
[2025-08-15 20:19:28] [ERROR] Error in senddata.php: Access denied for user 'manunggal'@'localhost' (using password: YES)
[2025-08-15 20:19:32] [ERROR] Error in get_pump_logs.php: Access denied for user 'manunggal'@'localhost' (using password: YES)
[2025-08-15 20:19:32] [ERROR] Error in moisture_config.php: Access denied for user 'manunggal'@'localhost' (using password: YES)
[2025-08-15 20:19:32] [ERROR] Error in get_realtime.php: Access denied for user 'manunggal'@'localhost' (using password: YES)
[2025-08-15 20:19:33] [INFO] Sensor data received: {"suhu":33.3671875,"kelembapan_tanah":0,"ph":14,"relay":false}
[2025-08-15 20:19:33] [ERROR] Error in senddata.php: Access denied for user 'manunggal'@'localhost' (using password: YES)
[2025-08-15 20:19:34] [INFO] Sensor data received: {"suhu":33.296875,"kelembapan_tanah":0,"ph":14,"relay":false}
[2025-08-15 20:19:34] [INFO] Sensor data received: {"suhu":33.296875,"kelembapan_tanah":0,"ph":14,"relay":false}
[2025-08-15 20:19:34] [ERROR] Error in senddata.php: Access denied for user 'manunggal'@'localhost' (using password: YES)
[2025-08-15 20:19:34] [ERROR] Error in senddata.php: Access denied for user 'manunggal'@'localhost' (using password: YES)
[2025-08-15 20:19:35] [ERROR] Error in get_pump_logs.php: Access denied for user 'manunggal'@'localhost' (using password: YES)
[2025-08-15 20:19:35] [ERROR] Error in moisture_config.php: Access denied for user 'manunggal'@'localhost' (using password: YES)
[2025-08-15 20:19:35] [ERROR] Error in get_realtime.php: Access denied for user 'manunggal'@'localhost' (using password: YES)
[2025-08-15 20:19:36] [INFO] Sensor data received: {"suhu":33.296875,"kelembapan_tanah":0,"ph":14,"relay":false}
[2025-08-15 20:19:36] [ERROR] Error in senddata.php: Access denied for user 'manunggal'@'localhost' (using password: YES)
[2025-08-15 20:19:41] [INFO] Sensor data received: {"suhu":33.2421875,"kelembapan_tanah":0,"ph":14,"relay":false}
[2025-08-15 20:19:41] [ERROR] Error in senddata.php: Access denied for user 'manunggal'@'localhost' (using password: YES)
[2025-08-15 20:19:41] [INFO] Sensor data received: {"suhu":33.2421875,"kelembapan_tanah":0,"ph":14,"relay":false}
[2025-08-15 20:19:41] [ERROR] Error in senddata.php: Access denied for user 'manunggal'@'localhost' (using password: YES)
[2025-08-15 20:19:47] [INFO] Sensor data received: {"suhu":33.203125,"kelembapan_tanah":0,"ph":14,"relay":false}
[2025-08-15 20:19:47] [INFO] Sensor data received: {"suhu":33.203125,"kelembapan_tanah":0,"ph":14,"relay":false}
[2025-08-15 20:19:47] [ERROR] Error in senddata.php: Access denied for user 'manunggal'@'localhost' (using password: YES)
[2025-08-15 20:19:47] [ERROR] Error in senddata.php: Access denied for user 'manunggal'@'localhost' (using password: YES)
[2025-08-15 20:19:53] [INFO] Sensor data received: {"suhu":33.171875,"kelembapan_tanah":0,"ph":14,"relay":false}
[2025-08-15 20:19:53] [INFO] Sensor data received: {"suhu":33.171875,"kelembapan_tanah":0,"ph":14,"relay":false}
[2025-08-15 20:19:53] [ERROR] Error in senddata.php: Access denied for user 'manunggal'@'localhost' (using password: YES)
[2025-08-15 20:19:53] [ERROR] Error in senddata.php: Access denied for user 'manunggal'@'localhost' (using password: YES)
[2025-08-15 20:19:59] [INFO] Sensor data received: {"suhu":33.140625,"kelembapan_tanah":0,"ph":14,"relay":false}
[2025-08-15 20:19:59] [INFO] Sensor data received: {"suhu":33.140625,"kelembapan_tanah":0,"ph":14,"relay":false}
[2025-08-15 20:19:59] [ERROR] Error in senddata.php: Access denied for user 'manunggal'@'localhost' (using password: YES)
[2025-08-15 20:19:59] [ERROR] Error in senddata.php: Access denied for user 'manunggal'@'localhost' (using password: YES)
[2025-08-15 20:20:05] [INFO] Sensor data received: {"suhu":33.125,"kelembapan_tanah":0,"ph":14,"relay":false}
[2025-08-15 20:20:05] [INFO] Sensor data received: {"suhu":33.125,"kelembapan_tanah":0,"ph":14,"relay":false}
[2025-08-15 20:20:05] [ERROR] Error in senddata.php: Access denied for user 'manunggal'@'localhost' (using password: YES)
[2025-08-15 20:20:05] [ERROR] Error in senddata.php: Access denied for user 'manunggal'@'localhost' (using password: YES)
[2025-08-15 20:20:11] [INFO] Sensor data received: {"suhu":33.125,"kelembapan_tanah":0,"ph":14,"relay":false}
[2025-08-15 20:20:11] [INFO] Sensor data received: {"suhu":33.125,"kelembapan_tanah":0,"ph":14,"relay":false}
[2025-08-15 20:20:11] [ERROR] Error in senddata.php: Access denied for user 'manunggal'@'localhost' (using password: YES)
[2025-08-15 20:20:11] [ERROR] Error in senddata.php: Access denied for user 'manunggal'@'localhost' (using password: YES)
[2025-08-15 20:20:18] [INFO] Sensor data received: {"suhu":33.1015625,"kelembapan_tanah":0,"ph":14,"relay":false}
[2025-08-15 20:20:18] [ERROR] Error in senddata.php: Access denied for user 'manunggal'@'localhost' (using password: YES)
[2025-08-15 20:20:18] [INFO] Sensor data received: {"suhu":33.1015625,"kelembapan_tanah":0,"ph":14,"relay":false}
[2025-08-15 20:20:18] [ERROR] Error in senddata.php: Access denied for user 'manunggal'@'localhost' (using password: YES)
[2025-08-15 20:20:24] [INFO] Sensor data received: {"suhu":33.0703125,"kelembapan_tanah":0,"ph":14,"relay":false}
[2025-08-15 20:20:24] [INFO] Sensor data received: {"suhu":33.0703125,"kelembapan_tanah":0,"ph":14,"relay":false}
[2025-08-15 20:20:24] [ERROR] Error in senddata.php: Access denied for user 'manunggal'@'localhost' (using password: YES)
[2025-08-15 20:20:24] [ERROR] Error in senddata.php: Access denied for user 'manunggal'@'localhost' (using password: YES)
[2025-08-15 20:20:30] [INFO] Sensor data received: {"suhu":33.0703125,"kelembapan_tanah":0,"ph":14,"relay":false}
[2025-08-15 20:20:30] [INFO] Sensor data received: {"suhu":33.0703125,"kelembapan_tanah":0,"ph":14,"relay":false}
[2025-08-15 20:20:30] [ERROR] Error in senddata.php: Access denied for user 'manunggal'@'localhost' (using password: YES)
[2025-08-15 20:20:30] [ERROR] Error in senddata.php: Access denied for user 'manunggal'@'localhost' (using password: YES)
[2025-08-15 20:20:36] [INFO] Sensor data received: {"suhu":33.078125,"kelembapan_tanah":0,"ph":14,"relay":false}
[2025-08-15 20:20:36] [INFO] Sensor data received: {"suhu":33.078125,"kelembapan_tanah":0,"ph":14,"relay":false}
[2025-08-15 20:20:36] [ERROR] Error in senddata.php: Access denied for user 'manunggal'@'localhost' (using password: YES)
[2025-08-15 20:20:36] [ERROR] Error in senddata.php: Access denied for user 'manunggal'@'localhost' (using password: YES)
[2025-08-15 20:20:42] [INFO] Sensor data received: {"suhu":33.078125,"kelembapan_tanah":0,"ph":14,"relay":false}
[2025-08-15 20:20:42] [INFO] Sensor data received: {"suhu":33.078125,"kelembapan_tanah":0,"ph":14,"relay":false}
[2025-08-15 20:20:42] [ERROR] Error in senddata.php: Access denied for user 'manunggal'@'localhost' (using password: YES)
[2025-08-15 20:20:42] [ERROR] Error in senddata.php: Access denied for user 'manunggal'@'localhost' (using password: YES)
[2025-08-15 20:20:49] [INFO] Sensor data received: {"suhu":33.21875,"kelembapan_tanah":0,"ph":14,"relay":false}
[2025-08-15 20:20:49] [INFO] Sensor data received: {"suhu":33.21875,"kelembapan_tanah":0,"ph":14,"relay":false}
[2025-08-15 20:20:49] [ERROR] Error in senddata.php: Access denied for user 'manunggal'@'localhost' (using password: YES)
[2025-08-15 20:20:49] [ERROR] Error in senddata.php: Access denied for user 'manunggal'@'localhost' (using password: YES)
[2025-08-15 20:20:55] [INFO] Sensor data received: {"suhu":33.5,"kelembapan_tanah":0,"ph":14,"relay":false}
[2025-08-15 20:20:55] [ERROR] Error in senddata.php: Access denied for user 'manunggal'@'localhost' (using password: YES)
[2025-08-15 20:20:55] [ERROR] Error in get_pump_logs.php: Access denied for user 'manunggal'@'localhost' (using password: YES)
[2025-08-15 20:20:55] [ERROR] Error in moisture_config.php: Access denied for user 'manunggal'@'localhost' (using password: YES)
[2025-08-15 20:20:55] [ERROR] Error in get_realtime.php: Access denied for user 'manunggal'@'localhost' (using password: YES)
[2025-08-15 20:20:56] [INFO] Sensor data received: {"suhu":33.5,"kelembapan_tanah":0,"ph":14,"relay":false}
[2025-08-15 20:20:56] [ERROR] Error in senddata.php: Access denied for user 'manunggal'@'localhost' (using password: YES)
[2025-08-15 20:21:01] [INFO] Sensor data received: {"suhu":33.7734375,"kelembapan_tanah":0,"ph":14,"relay":false}
[2025-08-15 20:21:01] [INFO] Sensor data received: {"suhu":33.7734375,"kelembapan_tanah":0,"ph":14,"relay":false}
[2025-08-15 20:21:01] [ERROR] Error in senddata.php: Access denied for user 'manunggal'@'localhost' (using password: YES)
[2025-08-15 20:21:01] [ERROR] Error in senddata.php: Access denied for user 'manunggal'@'localhost' (using password: YES)
[2025-08-15 20:21:07] [INFO] Sensor data received: {"suhu":33.9140625,"kelembapan_tanah":0,"ph":14,"relay":false}
[2025-08-15 20:21:07] [INFO] Sensor data received: {"suhu":33.9140625,"kelembapan_tanah":0,"ph":14,"relay":false}
[2025-08-15 20:21:07] [ERROR] Error in senddata.php: Access denied for user 'manunggal'@'localhost' (using password: YES)
[2025-08-15 20:21:07] [ERROR] Error in senddata.php: Access denied for user 'manunggal'@'localhost' (using password: YES)
[2025-08-15 20:21:13] [INFO] Sensor data received: {"suhu":34.0234375,"kelembapan_tanah":0,"ph":14,"relay":false}
[2025-08-15 20:21:13] [INFO] Sensor data received: {"suhu":34.0234375,"kelembapan_tanah":0,"ph":14,"relay":false}
[2025-08-15 20:21:13] [ERROR] Error in senddata.php: Access denied for user 'manunggal'@'localhost' (using password: YES)
[2025-08-15 20:21:13] [ERROR] Error in senddata.php: Access denied for user 'manunggal'@'localhost' (using password: YES)
[2025-08-15 20:21:19] [INFO] Sensor data received: {"suhu":34.1328125,"kelembapan_tanah":0,"ph":14,"relay":false}
[2025-08-15 20:21:19] [INFO] Sensor data received: {"suhu":34.1328125,"kelembapan_tanah":0,"ph":14,"relay":false}
[2025-08-15 20:21:19] [ERROR] Error in senddata.php: Access denied for user 'manunggal'@'localhost' (using password: YES)
[2025-08-15 20:21:19] [ERROR] Error in senddata.php: Access denied for user 'manunggal'@'localhost' (using password: YES)
[2025-08-15 20:21:26] [INFO] Sensor data received: {"suhu":34.1171875,"kelembapan_tanah":0,"ph":14,"relay":false}
[2025-08-15 20:21:26] [INFO] Sensor data received: {"suhu":34.1171875,"kelembapan_tanah":0,"ph":14,"relay":false}
[2025-08-15 20:21:26] [ERROR] Error in senddata.php: Access denied for user 'manunggal'@'localhost' (using password: YES)
[2025-08-15 20:21:26] [ERROR] Error in senddata.php: Access denied for user 'manunggal'@'localhost' (using password: YES)
[2025-08-15 20:21:32] [INFO] Sensor data received: {"suhu":34.09375,"kelembapan_tanah":0,"ph":14,"relay":false}
[2025-08-15 20:21:32] [INFO] Sensor data received: {"suhu":34.09375,"kelembapan_tanah":0,"ph":14,"relay":false}
[2025-08-15 20:21:32] [ERROR] Error in senddata.php: Access denied for user 'manunggal'@'localhost' (using password: YES)
[2025-08-15 20:21:32] [ERROR] Error in senddata.php: Access denied for user 'manunggal'@'localhost' (using password: YES)
[2025-08-15 20:21:38] [INFO] Sensor data received: {"suhu":34.0625,"kelembapan_tanah":0,"ph":14,"relay":false}
[2025-08-15 20:21:38] [INFO] Sensor data received: {"suhu":34.0625,"kelembapan_tanah":0,"ph":14,"relay":false}
[2025-08-15 20:21:38] [ERROR] Error in senddata.php: Access denied for user 'manunggal'@'localhost' (using password: YES)
[2025-08-15 20:21:38] [ERROR] Error in senddata.php: Access denied for user 'manunggal'@'localhost' (using password: YES)
[2025-08-15 20:21:44] [INFO] Sensor data received: {"suhu":34.03125,"kelembapan_tanah":0,"ph":14,"relay":false}
[2025-08-15 20:21:44] [INFO] Sensor data received: {"suhu":34.03125,"kelembapan_tanah":0,"ph":14,"relay":false}
[2025-08-15 20:21:44] [ERROR] Error in senddata.php: Access denied for user 'manunggal'@'localhost' (using password: YES)
[2025-08-15 20:21:44] [ERROR] Error in senddata.php: Access denied for user 'manunggal'@'localhost' (using password: YES)
[2025-08-15 20:21:50] [INFO] Sensor data received: {"suhu":34.0234375,"kelembapan_tanah":0,"ph":14,"relay":false}
[2025-08-15 20:21:50] [ERROR] Error in senddata.php: Access denied for user 'manunggal'@'localhost' (using password: YES)
[2025-08-15 20:21:50] [INFO] Sensor data received: {"suhu":34.0234375,"kelembapan_tanah":0,"ph":14,"relay":false}
[2025-08-15 20:21:50] [ERROR] Error in senddata.php: Access denied for user 'manunggal'@'localhost' (using password: YES)
[2025-08-15 20:21:56] [INFO] Sensor data received: {"suhu":33.9765625,"kelembapan_tanah":0,"ph":14,"relay":false}
[2025-08-15 20:21:56] [INFO] Sensor data received: {"suhu":33.9765625,"kelembapan_tanah":0,"ph":14,"relay":false}
[2025-08-15 20:21:56] [ERROR] Error in senddata.php: Access denied for user 'manunggal'@'localhost' (using password: YES)
[2025-08-15 20:21:56] [ERROR] Error in senddata.php: Access denied for user 'manunggal'@'localhost' (using password: YES)
[2025-08-15 20:22:03] [INFO] Sensor data received: {"suhu":33.890625,"kelembapan_tanah":0,"ph":14,"relay":false}
[2025-08-15 20:22:03] [INFO] Sensor data received: {"suhu":33.890625,"kelembapan_tanah":0,"ph":14,"relay":false}
[2025-08-15 20:22:03] [ERROR] Error in senddata.php: Access denied for user 'manunggal'@'localhost' (using password: YES)
[2025-08-15 20:22:03] [ERROR] Error in senddata.php: Access denied for user 'manunggal'@'localhost' (using password: YES)
[2025-08-15 20:22:09] [INFO] Sensor data received: {"suhu":33.828125,"kelembapan_tanah":0,"ph":14,"relay":false}
[2025-08-15 20:22:09] [INFO] Sensor data received: {"suhu":33.828125,"kelembapan_tanah":0,"ph":14,"relay":false}
[2025-08-15 20:22:09] [ERROR] Error in senddata.php: Access denied for user 'manunggal'@'localhost' (using password: YES)
[2025-08-15 20:22:09] [ERROR] Error in senddata.php: Access denied for user 'manunggal'@'localhost' (using password: YES)
[2025-08-15 20:22:15] [INFO] Sensor data received: {"suhu":33.7890625,"kelembapan_tanah":0,"ph":14,"relay":false}
[2025-08-15 20:22:15] [INFO] Sensor data received: {"suhu":33.7890625,"kelembapan_tanah":0,"ph":14,"relay":false}
[2025-08-15 20:22:15] [ERROR] Error in senddata.php: Access denied for user 'manunggal'@'localhost' (using password: YES)
[2025-08-15 20:22:15] [ERROR] Error in senddata.php: Access denied for user 'manunggal'@'localhost' (using password: YES)
[2025-08-15 20:22:21] [INFO] Sensor data received: {"suhu":33.7734375,"kelembapan_tanah":0,"ph":14,"relay":false}
[2025-08-15 20:22:21] [INFO] Sensor data received: {"suhu":33.7734375,"kelembapan_tanah":0,"ph":14,"relay":false}
[2025-08-15 20:22:21] [ERROR] Error in senddata.php: Access denied for user 'manunggal'@'localhost' (using password: YES)
[2025-08-15 20:22:21] [ERROR] Error in senddata.php: Access denied for user 'manunggal'@'localhost' (using password: YES)
[2025-08-15 20:22:27] [INFO] Sensor data received: {"suhu":33.7890625,"kelembapan_tanah":0,"ph":14,"relay":false}
[2025-08-15 20:22:27] [INFO] Sensor data received: {"suhu":33.7890625,"kelembapan_tanah":0,"ph":14,"relay":false}
[2025-08-15 20:22:27] [ERROR] Error in senddata.php: Access denied for user 'manunggal'@'localhost' (using password: YES)
[2025-08-15 20:22:27] [ERROR] Error in senddata.php: Access denied for user 'manunggal'@'localhost' (using password: YES)
[2025-08-15 20:22:33] [INFO] Sensor data received: {"suhu":33.7734375,"kelembapan_tanah":0,"ph":14,"relay":false}
[2025-08-15 20:22:33] [INFO] Sensor data received: {"suhu":33.7734375,"kelembapan_tanah":0,"ph":14,"relay":false}
[2025-08-15 20:22:33] [ERROR] Error in senddata.php: Access denied for user 'manunggal'@'localhost' (using password: YES)
[2025-08-15 20:22:33] [ERROR] Error in senddata.php: Access denied for user 'manunggal'@'localhost' (using password: YES)
[2025-08-15 20:22:40] [INFO] Sensor data received: {"suhu":33.7578125,"kelembapan_tanah":0,"ph":14,"relay":false}
[2025-08-15 20:22:40] [INFO] Sensor data received: {"suhu":33.7578125,"kelembapan_tanah":0,"ph":14,"relay":false}
[2025-08-15 20:22:40] [ERROR] Error in senddata.php: Access denied for user 'manunggal'@'localhost' (using password: YES)
[2025-08-15 20:22:40] [ERROR] Error in senddata.php: Access denied for user 'manunggal'@'localhost' (using password: YES)
[2025-08-15 20:22:46] [INFO] Sensor data received: {"suhu":33.765625,"kelembapan_tanah":0,"ph":14,"relay":false}
[2025-08-15 20:22:46] [ERROR] Error in senddata.php: Access denied for user 'manunggal'@'localhost' (using password: YES)
[2025-08-15 20:22:46] [INFO] Sensor data received: {"suhu":33.765625,"kelembapan_tanah":0,"ph":14,"relay":false}
[2025-08-15 20:22:46] [ERROR] Error in senddata.php: Access denied for user 'manunggal'@'localhost' (using password: YES)
[2025-08-15 20:22:53] [INFO] Sensor data received: {"suhu":33.7578125,"kelembapan_tanah":0,"ph":14,"relay":false}
[2025-08-15 20:22:53] [INFO] Sensor data received: {"suhu":33.7578125,"kelembapan_tanah":0,"ph":14,"relay":false}
[2025-08-15 20:22:53] [ERROR] Error in senddata.php: Access denied for user 'manunggal'@'localhost' (using password: YES)
[2025-08-15 20:22:53] [ERROR] Error in senddata.php: Access denied for user 'manunggal'@'localhost' (using password: YES)
[2025-08-15 20:22:53] [ERROR] Error in moisture_config.php: Access denied for user 'manunggal'@'localhost' (using password: YES)
[2025-08-15 20:22:53] [ERROR] Error in get_pump_logs.php: Access denied for user 'manunggal'@'localhost' (using password: YES)
[2025-08-15 20:22:54] [ERROR] Error in get_realtime.php: Access denied for user 'manunggal'@'localhost' (using password: YES)
[2025-08-15 20:22:55] [INFO] Sensor data received: {"suhu":33.7578125,"kelembapan_tanah":0,"ph":14,"relay":false}
[2025-08-15 20:22:55] [ERROR] Error in senddata.php: Access denied for user 'manunggal'@'localhost' (using password: YES)
[2025-08-15 20:22:58] [INFO] Sensor data received: {"suhu":33.765625,"kelembapan_tanah":0,"ph":14,"relay":false}
[2025-08-15 20:22:58] [INFO] Sensor data received: {"suhu":33.765625,"kelembapan_tanah":0,"ph":14,"relay":false}
[2025-08-15 20:22:58] [ERROR] Error in senddata.php: Access denied for user 'manunggal'@'localhost' (using password: YES)
[2025-08-15 20:22:58] [ERROR] Error in senddata.php: Access denied for user 'manunggal'@'localhost' (using password: YES)
[2025-08-15 20:23:04] [INFO] Sensor data received: {"suhu":33.765625,"kelembapan_tanah":0,"ph":14,"relay":false}
[2025-08-15 20:23:04] [INFO] Sensor data received: {"suhu":33.765625,"kelembapan_tanah":0,"ph":14,"relay":false}
[2025-08-15 20:23:04] [ERROR] Error in senddata.php: Access denied for user 'manunggal'@'localhost' (using password: YES)
[2025-08-15 20:23:04] [ERROR] Error in senddata.php: Access denied for user 'manunggal'@'localhost' (using password: YES)
[2025-08-15 20:23:10] [INFO] Sensor data received: {"suhu":33.75,"kelembapan_tanah":0,"ph":14,"relay":false}
[2025-08-15 20:23:10] [INFO] Sensor data received: {"suhu":33.75,"kelembapan_tanah":0,"ph":14,"relay":false}
[2025-08-15 20:23:10] [ERROR] Error in senddata.php: Access denied for user 'manunggal'@'localhost' (using password: YES)
[2025-08-15 20:23:10] [ERROR] Error in senddata.php: Access denied for user 'manunggal'@'localhost' (using password: YES)
[2025-08-15 20:23:11] [ERROR] Error in get_realtime.php: Access denied for user 'manunggal'@'localhost' (using password: YES)
[2025-08-15 20:23:13] [ERROR] Error in get_realtime.php: Access denied for user 'manunggal'@'localhost' (using password: YES)
[2025-08-15 20:23:13] [ERROR] Error in get_realtime.php: Access denied for user 'manunggal'@'localhost' (using password: YES)
[2025-08-15 20:23:13] [ERROR] Error in get_realtime.php: Access denied for user 'manunggal'@'localhost' (using password: YES)
[2025-08-15 20:23:13] [ERROR] Error in get_realtime.php: Access denied for user 'manunggal'@'localhost' (using password: YES)
[2025-08-15 20:23:17] [INFO] Sensor data received: {"suhu":33.75,"kelembapan_tanah":0,"ph":14,"relay":false}
[2025-08-15 20:23:17] [INFO] Sensor data received: {"suhu":33.75,"kelembapan_tanah":0,"ph":14,"relay":false}
[2025-08-15 20:23:17] [ERROR] Error in senddata.php: Access denied for user 'manunggal'@'localhost' (using password: YES)
[2025-08-15 20:23:17] [ERROR] Error in senddata.php: Access denied for user 'manunggal'@'localhost' (using password: YES)
[2025-08-15 20:23:23] [INFO] Sensor data received: {"suhu":33.75,"kelembapan_tanah":0,"ph":14,"relay":false}
[2025-08-15 20:23:23] [INFO] Sensor data received: {"suhu":33.75,"kelembapan_tanah":0,"ph":14,"relay":false}
[2025-08-15 20:23:23] [ERROR] Error in senddata.php: Access denied for user 'manunggal'@'localhost' (using password: YES)
[2025-08-15 20:23:23] [ERROR] Error in senddata.php: Access denied for user 'manunggal'@'localhost' (using password: YES)
[2025-08-15 20:23:29] [INFO] Sensor data received: {"suhu":33.75,"kelembapan_tanah":0,"ph":14,"relay":false}
[2025-08-15 20:23:29] [ERROR] Error in senddata.php: Access denied for user 'manunggal'@'localhost' (using password: YES)
[2025-08-15 20:23:29] [INFO] Sensor data received: {"suhu":33.75,"kelembapan_tanah":0,"ph":14,"relay":false}
[2025-08-15 20:23:29] [ERROR] Error in senddata.php: Access denied for user 'manunggal'@'localhost' (using password: YES)
[2025-08-15 20:23:35] [INFO] Sensor data received: {"suhu":33.75,"kelembapan_tanah":0,"ph":14,"relay":false}
[2025-08-15 20:23:35] [INFO] Sensor data received: {"suhu":33.75,"kelembapan_tanah":0,"ph":14,"relay":false}
[2025-08-15 20:23:35] [ERROR] Error in senddata.php: Access denied for user 'manunggal'@'localhost' (using password: YES)
[2025-08-15 20:23:35] [ERROR] Error in senddata.php: Access denied for user 'manunggal'@'localhost' (using password: YES)
[2025-08-15 20:23:41] [INFO] Sensor data received: {"suhu":33.75,"kelembapan_tanah":0,"ph":14,"relay":false}
[2025-08-15 20:23:41] [INFO] Sensor data received: {"suhu":33.75,"kelembapan_tanah":0,"ph":14,"relay":false}
[2025-08-15 20:23:41] [ERROR] Error in senddata.php: Access denied for user 'manunggal'@'localhost' (using password: YES)
[2025-08-15 20:23:41] [ERROR] Error in senddata.php: Access denied for user 'manunggal'@'localhost' (using password: YES)
[2025-08-15 20:23:48] [INFO] Sensor data received: {"suhu":33.75,"kelembapan_tanah":0,"ph":14,"relay":false}
[2025-08-15 20:23:48] [INFO] Sensor data received: {"suhu":33.75,"kelembapan_tanah":0,"ph":14,"relay":false}
[2025-08-15 20:23:48] [ERROR] Error in senddata.php: Access denied for user 'manunggal'@'localhost' (using password: YES)
[2025-08-15 20:23:48] [ERROR] Error in senddata.php: Access denied for user 'manunggal'@'localhost' (using password: YES)
[2025-08-15 20:23:54] [INFO] Sensor data received: {"suhu":33.75,"kelembapan_tanah":0,"ph":14,"relay":false}
[2025-08-15 20:23:54] [INFO] Sensor data received: {"suhu":33.75,"kelembapan_tanah":0,"ph":14,"relay":false}
[2025-08-15 20:23:54] [ERROR] Error in senddata.php: Access denied for user 'manunggal'@'localhost' (using password: YES)
[2025-08-15 20:23:54] [ERROR] Error in senddata.php: Access denied for user 'manunggal'@'localhost' (using password: YES)
[2025-08-15 20:24:00] [INFO] Sensor data received: {"suhu":33.8125,"kelembapan_tanah":0,"ph":14,"relay":false}
[2025-08-15 20:24:00] [ERROR] Error in senddata.php: Access denied for user 'manunggal'@'localhost' (using password: YES)
[2025-08-15 20:24:00] [INFO] Sensor data received: {"suhu":33.8125,"kelembapan_tanah":0,"ph":14,"relay":false}
[2025-08-15 20:24:00] [ERROR] Error in senddata.php: Access denied for user 'manunggal'@'localhost' (using password: YES)
[2025-08-15 20:24:06] [INFO] Sensor data received: {"suhu":33.8671875,"kelembapan_tanah":0,"ph":14,"relay":false}
[2025-08-15 20:24:06] [INFO] Sensor data received: {"suhu":33.8671875,"kelembapan_tanah":0,"ph":14,"relay":false}
[2025-08-15 20:24:06] [ERROR] Error in senddata.php: Access denied for user 'manunggal'@'localhost' (using password: YES)
[2025-08-15 20:24:06] [ERROR] Error in senddata.php: Access denied for user 'manunggal'@'localhost' (using password: YES)
[2025-08-15 20:24:12] [INFO] Sensor data received: {"suhu":33.7578125,"kelembapan_tanah":0,"ph":14,"relay":false}
[2025-08-15 20:24:12] [INFO] Sensor data received: {"suhu":33.7578125,"kelembapan_tanah":0,"ph":14,"relay":false}
[2025-08-15 20:24:12] [ERROR] Error in senddata.php: Access denied for user 'manunggal'@'localhost' (using password: YES)
[2025-08-15 20:24:12] [ERROR] Error in senddata.php: Access denied for user 'manunggal'@'localhost' (using password: YES)
[2025-08-15 20:24:18] [INFO] Sensor data received: {"suhu":33.5546875,"kelembapan_tanah":0,"ph":14,"relay":false}
[2025-08-15 20:24:18] [INFO] Sensor data received: {"suhu":33.5546875,"kelembapan_tanah":0,"ph":14,"relay":false}
[2025-08-15 20:24:18] [ERROR] Error in senddata.php: Access denied for user 'manunggal'@'localhost' (using password: YES)
[2025-08-15 20:24:18] [ERROR] Error in senddata.php: Access denied for user 'manunggal'@'localhost' (using password: YES)
[2025-08-15 20:24:25] [INFO] Sensor data received: {"suhu":33.3359375,"kelembapan_tanah":0,"ph":14,"relay":false}
[2025-08-15 20:24:25] [INFO] Sensor data received: {"suhu":33.3359375,"kelembapan_tanah":0,"ph":14,"relay":false}
[2025-08-15 20:24:25] [ERROR] Error in senddata.php: Access denied for user 'manunggal'@'localhost' (using password: YES)
[2025-08-15 20:24:25] [ERROR] Error in senddata.php: Access denied for user 'manunggal'@'localhost' (using password: YES)
[2025-08-15 20:24:31] [INFO] Sensor data received: {"suhu":33.1171875,"kelembapan_tanah":0,"ph":14,"relay":false}
[2025-08-15 20:24:31] [INFO] Sensor data received: {"suhu":33.1171875,"kelembapan_tanah":0,"ph":14,"relay":false}
[2025-08-15 20:24:31] [ERROR] Error in senddata.php: Access denied for user 'manunggal'@'localhost' (using password: YES)
[2025-08-15 20:24:31] [ERROR] Error in senddata.php: Access denied for user 'manunggal'@'localhost' (using password: YES)
[2025-08-15 20:24:37] [INFO] Sensor data received: {"suhu":32.921875,"kelembapan_tanah":0,"ph":14,"relay":false}
[2025-08-15 20:24:37] [ERROR] Error in senddata.php: Access denied for user 'manunggal'@'localhost' (using password: YES)
[2025-08-15 20:24:37] [INFO] Sensor data received: {"suhu":32.921875,"kelembapan_tanah":0,"ph":14,"relay":false}
[2025-08-15 20:24:37] [ERROR] Error in senddata.php: Access denied for user 'manunggal'@'localhost' (using password: YES)
[2025-08-15 20:24:43] [INFO] Sensor data received: {"suhu":32.734375,"kelembapan_tanah":0,"ph":14,"relay":false}
[2025-08-15 20:24:43] [INFO] Sensor data received: {"suhu":32.734375,"kelembapan_tanah":0,"ph":14,"relay":false}
[2025-08-15 20:24:43] [ERROR] Error in senddata.php: Access denied for user 'manunggal'@'localhost' (using password: YES)
[2025-08-15 20:24:43] [ERROR] Error in senddata.php: Access denied for user 'manunggal'@'localhost' (using password: YES)
[2025-08-15 20:24:49] [INFO] Sensor data received: {"suhu":32.578125,"kelembapan_tanah":0,"ph":14,"relay":false}
[2025-08-15 20:24:49] [INFO] Sensor data received: {"suhu":32.578125,"kelembapan_tanah":0,"ph":14,"relay":false}
[2025-08-15 20:24:49] [ERROR] Error in senddata.php: Access denied for user 'manunggal'@'localhost' (using password: YES)
[2025-08-15 20:24:49] [ERROR] Error in senddata.php: Access denied for user 'manunggal'@'localhost' (using password: YES)
[2025-08-15 20:24:55] [INFO] Sensor data received: {"suhu":32.4609375,"kelembapan_tanah":0,"ph":14,"relay":false}
[2025-08-15 20:24:55] [INFO] Sensor data received: {"suhu":32.4609375,"kelembapan_tanah":0,"ph":14,"relay":false}
[2025-08-15 20:24:55] [ERROR] Error in senddata.php: Access denied for user 'manunggal'@'localhost' (using password: YES)
[2025-08-15 20:24:55] [ERROR] Error in senddata.php: Access denied for user 'manunggal'@'localhost' (using password: YES)
[2025-08-15 20:25:01] [INFO] Sensor data received: {"suhu":32.328125,"kelembapan_tanah":0,"ph":14,"relay":false}
[2025-08-15 20:25:01] [INFO] Sensor data received: {"suhu":32.328125,"kelembapan_tanah":0,"ph":14,"relay":false}
[2025-08-15 20:25:01] [ERROR] Error in senddata.php: Access denied for user 'manunggal'@'localhost' (using password: YES)
[2025-08-15 20:25:02] [ERROR] Error in senddata.php: Access denied for user 'manunggal'@'localhost' (using password: YES)
[2025-08-15 20:25:08] [INFO] Sensor data received: {"suhu":32.1875,"kelembapan_tanah":0,"ph":14,"relay":false}
[2025-08-15 20:25:08] [INFO] Sensor data received: {"suhu":32.1875,"kelembapan_tanah":0,"ph":14,"relay":false}
[2025-08-15 20:25:08] [ERROR] Error in senddata.php: Access denied for user 'manunggal'@'localhost' (using password: YES)
[2025-08-15 20:25:08] [ERROR] Error in senddata.php: Access denied for user 'manunggal'@'localhost' (using password: YES)
[2025-08-15 20:25:14] [INFO] Sensor data received: {"suhu":32.0625,"kelembapan_tanah":0,"ph":14,"relay":false}
[2025-08-15 20:25:14] [INFO] Sensor data received: {"suhu":32.0625,"kelembapan_tanah":0,"ph":14,"relay":false}
[2025-08-15 20:25:14] [ERROR] Error in senddata.php: Access denied for user 'manunggal'@'localhost' (using password: YES)
[2025-08-15 20:25:14] [ERROR] Error in senddata.php: Access denied for user 'manunggal'@'localhost' (using password: YES)
[2025-08-15 20:25:20] [INFO] Sensor data received: {"suhu":31.9375,"kelembapan_tanah":0,"ph":14,"relay":false}
[2025-08-15 20:25:20] [ERROR] Error in senddata.php: Access denied for user 'manunggal'@'localhost' (using password: YES)
[2025-08-15 20:25:20] [INFO] Sensor data received: {"suhu":31.9375,"kelembapan_tanah":0,"ph":14,"relay":false}
[2025-08-15 20:25:20] [ERROR] Error in senddata.php: Access denied for user 'manunggal'@'localhost' (using password: YES)
[2025-08-15 20:25:26] [INFO] Sensor data received: {"suhu":31.8203125,"kelembapan_tanah":0,"ph":14,"relay":false}
[2025-08-15 20:25:26] [INFO] Sensor data received: {"suhu":31.8203125,"kelembapan_tanah":0,"ph":14,"relay":false}
[2025-08-15 20:25:26] [ERROR] Error in senddata.php: Access denied for user 'manunggal'@'localhost' (using password: YES)
[2025-08-15 20:25:26] [ERROR] Error in senddata.php: Access denied for user 'manunggal'@'localhost' (using password: YES)
[2025-08-15 20:25:32] [INFO] Sensor data received: {"suhu":31.71875,"kelembapan_tanah":0,"ph":14,"relay":false}
[2025-08-15 20:25:32] [INFO] Sensor data received: {"suhu":31.71875,"kelembapan_tanah":0,"ph":14,"relay":false}
[2025-08-15 20:25:32] [ERROR] Error in senddata.php: Access denied for user 'manunggal'@'localhost' (using password: YES)
[2025-08-15 20:25:32] [ERROR] Error in senddata.php: Access denied for user 'manunggal'@'localhost' (using password: YES)
[2025-08-15 20:25:38] [INFO] Sensor data received: {"suhu":31.6328125,"kelembapan_tanah":0,"ph":14,"relay":false}
[2025-08-15 20:25:38] [ERROR] Error in senddata.php: Access denied for user 'manunggal'@'localhost' (using password: YES)
[2025-08-15 20:25:38] [INFO] Sensor data received: {"suhu":31.6328125,"kelembapan_tanah":0,"ph":14,"relay":false}
[2025-08-15 20:25:38] [ERROR] Error in senddata.php: Access denied for user 'manunggal'@'localhost' (using password: YES)
[2025-08-15 20:25:45] [INFO] Sensor data received: {"suhu":31.53125,"kelembapan_tanah":0,"ph":14,"relay":false}
[2025-08-15 20:25:45] [ERROR] Error in senddata.php: Access denied for user 'manunggal'@'localhost' (using password: YES)
[2025-08-15 20:25:45] [INFO] Sensor data received: {"suhu":31.53125,"kelembapan_tanah":0,"ph":14,"relay":false}
[2025-08-15 20:25:45] [ERROR] Error in senddata.php: Access denied for user 'manunggal'@'localhost' (using password: YES)
[2025-08-15 20:25:51] [INFO] Sensor data received: {"suhu":31.4296875,"kelembapan_tanah":0,"ph":14,"relay":false}
[2025-08-15 20:25:51] [INFO] Sensor data received: {"suhu":31.4296875,"kelembapan_tanah":0,"ph":14,"relay":false}
[2025-08-15 20:25:51] [ERROR] Error in senddata.php: Access denied for user 'manunggal'@'localhost' (using password: YES)
[2025-08-15 20:25:51] [ERROR] Error in senddata.php: Access denied for user 'manunggal'@'localhost' (using password: YES)
[2025-08-15 20:25:57] [INFO] Sensor data received: {"suhu":31.34375,"kelembapan_tanah":0,"ph":14,"relay":false}
[2025-08-15 20:25:57] [INFO] Sensor data received: {"suhu":31.34375,"kelembapan_tanah":0,"ph":14,"relay":false}
[2025-08-15 20:25:57] [ERROR] Error in senddata.php: Access denied for user 'manunggal'@'localhost' (using password: YES)
[2025-08-15 20:25:57] [ERROR] Error in senddata.php: Access denied for user 'manunggal'@'localhost' (using password: YES)
[2025-08-15 20:26:03] [INFO] Sensor data received: {"suhu":31.2578125,"kelembapan_tanah":0,"ph":14,"relay":false}
[2025-08-15 20:26:03] [ERROR] Error in senddata.php: Access denied for user 'manunggal'@'localhost' (using password: YES)
[2025-08-15 20:26:03] [INFO] Sensor data received: {"suhu":31.2578125,"kelembapan_tanah":0,"ph":14,"relay":false}
[2025-08-15 20:26:03] [ERROR] Error in senddata.php: Access denied for user 'manunggal'@'localhost' (using password: YES)
[2025-08-15 20:26:09] [INFO] Sensor data received: {"suhu":31.1796875,"kelembapan_tanah":0,"ph":14,"relay":false}
[2025-08-15 20:26:09] [INFO] Sensor data received: {"suhu":31.1796875,"kelembapan_tanah":0,"ph":14,"relay":false}
[2025-08-15 20:26:09] [ERROR] Error in senddata.php: Access denied for user 'manunggal'@'localhost' (using password: YES)
[2025-08-15 20:26:09] [ERROR] Error in senddata.php: Access denied for user 'manunggal'@'localhost' (using password: YES)
[2025-08-15 20:26:14] [ERROR] Error in log_pump.php: Access denied for user 'manunggal'@'localhost' (using password: YES)
[2025-08-15 20:26:16] [INFO] Sensor data received: {"suhu":31.1015625,"kelembapan_tanah":0,"ph":14,"relay":false}
[2025-08-15 20:26:16] [ERROR] Error in senddata.php: Access denied for user 'manunggal'@'localhost' (using password: YES)
[2025-08-15 20:26:16] [INFO] Sensor data received: {"suhu":31.1015625,"kelembapan_tanah":0,"ph":14,"relay":false}
[2025-08-15 20:26:16] [ERROR] Error in senddata.php: Access denied for user 'manunggal'@'localhost' (using password: YES)
[2025-08-15 20:26:22] [INFO] Sensor data received: {"suhu":31.03125,"kelembapan_tanah":0,"ph":14,"relay":true}
[2025-08-15 20:26:22] [ERROR] Error in senddata.php: Access denied for user 'manunggal'@'localhost' (using password: YES)
[2025-08-15 20:26:22] [INFO] Sensor data received: {"suhu":31.03125,"kelembapan_tanah":0,"ph":14,"relay":true}
[2025-08-15 20:26:22] [ERROR] Error in senddata.php: Access denied for user 'manunggal'@'localhost' (using password: YES)
[2025-08-15 20:26:23] [ERROR] Error in log_pump.php: Access denied for user 'manunggal'@'localhost' (using password: YES)
[2025-08-15 20:26:28] [INFO] Sensor data received: {"suhu":30.9609375,"kelembapan_tanah":0,"ph":14,"relay":false}
[2025-08-15 20:26:28] [INFO] Sensor data received: {"suhu":30.9609375,"kelembapan_tanah":0,"ph":14,"relay":false}
[2025-08-15 20:26:28] [ERROR] Error in senddata.php: Access denied for user 'manunggal'@'localhost' (using password: YES)
[2025-08-15 20:26:28] [ERROR] Error in senddata.php: Access denied for user 'manunggal'@'localhost' (using password: YES)
[2025-08-15 20:26:34] [INFO] Sensor data received: {"suhu":30.875,"kelembapan_tanah":0,"ph":14,"relay":false}
[2025-08-15 20:26:34] [INFO] Sensor data received: {"suhu":30.875,"kelembapan_tanah":0,"ph":14,"relay":false}
[2025-08-15 20:26:34] [ERROR] Error in senddata.php: Access denied for user 'manunggal'@'localhost' (using password: YES)
[2025-08-15 20:26:34] [ERROR] Error in senddata.php: Access denied for user 'manunggal'@'localhost' (using password: YES)
[2025-08-15 20:26:40] [INFO] Sensor data received: {"suhu":30.8046875,"kelembapan_tanah":0,"ph":14,"relay":false}
[2025-08-15 20:26:40] [INFO] Sensor data received: {"suhu":30.8046875,"kelembapan_tanah":0,"ph":14,"relay":false}
[2025-08-15 20:26:40] [ERROR] Error in senddata.php: Access denied for user 'manunggal'@'localhost' (using password: YES)
[2025-08-15 20:26:40] [ERROR] Error in senddata.php: Access denied for user 'manunggal'@'localhost' (using password: YES)
[2025-08-15 20:26:46] [INFO] Sensor data received: {"suhu":30.734375,"kelembapan_tanah":0,"ph":14,"relay":false}
[2025-08-15 20:26:46] [INFO] Sensor data received: {"suhu":30.734375,"kelembapan_tanah":0,"ph":14,"relay":false}
[2025-08-15 20:26:46] [ERROR] Error in senddata.php: Access denied for user 'manunggal'@'localhost' (using password: YES)
[2025-08-15 20:26:46] [ERROR] Error in senddata.php: Access denied for user 'manunggal'@'localhost' (using password: YES)
[2025-08-15 20:26:53] [INFO] Sensor data received: {"suhu":30.6484375,"kelembapan_tanah":0,"ph":14,"relay":false}
[2025-08-15 20:26:53] [ERROR] Error in senddata.php: Access denied for user 'manunggal'@'localhost' (using password: YES)
[2025-08-15 20:26:53] [INFO] Sensor data received: {"suhu":30.6484375,"kelembapan_tanah":0,"ph":14,"relay":false}
[2025-08-15 20:26:53] [ERROR] Error in senddata.php: Access denied for user 'manunggal'@'localhost' (using password: YES)
[2025-08-15 20:26:59] [INFO] Sensor data received: {"suhu":30.59375,"kelembapan_tanah":0,"ph":14,"relay":false}
[2025-08-15 20:26:59] [INFO] Sensor data received: {"suhu":30.59375,"kelembapan_tanah":0,"ph":14,"relay":false}
[2025-08-15 20:26:59] [ERROR] Error in senddata.php: Access denied for user 'manunggal'@'localhost' (using password: YES)
[2025-08-15 20:26:59] [ERROR] Error in senddata.php: Access denied for user 'manunggal'@'localhost' (using password: YES)
[2025-08-15 20:27:05] [INFO] Sensor data received: {"suhu":30.5390625,"kelembapan_tanah":0,"ph":14,"relay":false}
[2025-08-15 20:27:05] [INFO] Sensor data received: {"suhu":30.5390625,"kelembapan_tanah":0,"ph":14,"relay":false}
[2025-08-15 20:27:05] [ERROR] Error in senddata.php: Access denied for user 'manunggal'@'localhost' (using password: YES)
[2025-08-15 20:27:05] [ERROR] Error in senddata.php: Access denied for user 'manunggal'@'localhost' (using password: YES)
[2025-08-15 20:27:11] [INFO] Sensor data received: {"suhu":30.4765625,"kelembapan_tanah":0,"ph":14,"relay":false}
[2025-08-15 20:27:11] [ERROR] Error in senddata.php: Access denied for user 'manunggal'@'localhost' (using password: YES)
[2025-08-15 20:27:11] [INFO] Sensor data received: {"suhu":30.4765625,"kelembapan_tanah":0,"ph":14,"relay":false}
[2025-08-15 20:27:11] [ERROR] Error in senddata.php: Access denied for user 'manunggal'@'localhost' (using password: YES)
[2025-08-15 20:27:17] [INFO] Sensor data received: {"suhu":30.4296875,"kelembapan_tanah":0,"ph":14,"relay":false}
[2025-08-15 20:27:17] [INFO] Sensor data received: {"suhu":30.4296875,"kelembapan_tanah":0,"ph":14,"relay":false}
[2025-08-15 20:27:17] [ERROR] Error in senddata.php: Access denied for user 'manunggal'@'localhost' (using password: YES)
[2025-08-15 20:27:17] [ERROR] Error in senddata.php: Access denied for user 'manunggal'@'localhost' (using password: YES)
[2025-08-15 20:27:23] [INFO] Sensor data received: {"suhu":30.375,"kelembapan_tanah":0,"ph":14,"relay":false}
[2025-08-15 20:27:23] [ERROR] Error in senddata.php: Access denied for user 'manunggal'@'localhost' (using password: YES)
[2025-08-15 20:27:23] [INFO] Sensor data received: {"suhu":30.375,"kelembapan_tanah":0,"ph":14,"relay":false}
[2025-08-15 20:27:23] [ERROR] Error in senddata.php: Access denied for user 'manunggal'@'localhost' (using password: YES)
[2025-08-15 20:27:30] [INFO] Sensor data received: {"suhu":30.328125,"kelembapan_tanah":0,"ph":14,"relay":false}
[2025-08-15 20:27:30] [INFO] Sensor data received: {"suhu":30.328125,"kelembapan_tanah":0,"ph":14,"relay":false}
[2025-08-15 20:27:30] [ERROR] Error in senddata.php: Access denied for user 'manunggal'@'localhost' (using password: YES)
[2025-08-15 20:27:30] [ERROR] Error in senddata.php: Access denied for user 'manunggal'@'localhost' (using password: YES)
[2025-08-15 20:27:36] [INFO] Sensor data received: {"suhu":30.2890625,"kelembapan_tanah":0,"ph":14,"relay":false}
[2025-08-15 20:27:36] [INFO] Sensor data received: {"suhu":30.2890625,"kelembapan_tanah":0,"ph":14,"relay":false}
[2025-08-15 20:27:36] [ERROR] Error in senddata.php: Access denied for user 'manunggal'@'localhost' (using password: YES)
[2025-08-15 20:27:36] [ERROR] Error in senddata.php: Access denied for user 'manunggal'@'localhost' (using password: YES)
[2025-08-15 20:27:42] [INFO] Sensor data received: {"suhu":30.2421875,"kelembapan_tanah":0,"ph":14,"relay":false}
[2025-08-15 20:27:42] [INFO] Sensor data received: {"suhu":30.2421875,"kelembapan_tanah":0,"ph":14,"relay":false}
[2025-08-15 20:27:42] [ERROR] Error in senddata.php: Access denied for user 'manunggal'@'localhost' (using password: YES)
[2025-08-15 20:27:42] [ERROR] Error in senddata.php: Access denied for user 'manunggal'@'localhost' (using password: YES)
[2025-08-15 20:27:48] [INFO] Sensor data received: {"suhu":30.203125,"kelembapan_tanah":0,"ph":14,"relay":false}
[2025-08-15 20:27:48] [INFO] Sensor data received: {"suhu":30.203125,"kelembapan_tanah":0,"ph":14,"relay":false}
[2025-08-15 20:27:48] [ERROR] Error in senddata.php: Access denied for user 'manunggal'@'localhost' (using password: YES)
[2025-08-15 20:27:48] [ERROR] Error in senddata.php: Access denied for user 'manunggal'@'localhost' (using password: YES)
[2025-08-15 20:27:54] [INFO] Sensor data received: {"suhu":30.15625,"kelembapan_tanah":0,"ph":14,"relay":false}
[2025-08-15 20:27:54] [INFO] Sensor data received: {"suhu":30.15625,"kelembapan_tanah":0,"ph":14,"relay":false}
[2025-08-15 20:27:54] [ERROR] Error in senddata.php: Access denied for user 'manunggal'@'localhost' (using password: YES)
[2025-08-15 20:27:54] [ERROR] Error in senddata.php: Access denied for user 'manunggal'@'localhost' (using password: YES)
[2025-08-15 20:28:00] [INFO] Sensor data received: {"suhu":30.109375,"kelembapan_tanah":0,"ph":14,"relay":false}
[2025-08-15 20:28:00] [INFO] Sensor data received: {"suhu":30.109375,"kelembapan_tanah":0,"ph":14,"relay":false}
[2025-08-15 20:28:00] [ERROR] Error in senddata.php: Access denied for user 'manunggal'@'localhost' (using password: YES)
[2025-08-15 20:28:00] [ERROR] Error in senddata.php: Access denied for user 'manunggal'@'localhost' (using password: YES)
[2025-08-15 20:28:07] [INFO] Sensor data received: {"suhu":30.078125,"kelembapan_tanah":0,"ph":14,"relay":false}
[2025-08-15 20:28:07] [INFO] Sensor data received: {"suhu":30.078125,"kelembapan_tanah":0,"ph":14,"relay":false}
[2025-08-15 20:28:07] [ERROR] Error in senddata.php: Access denied for user 'manunggal'@'localhost' (using password: YES)
[2025-08-15 20:28:07] [ERROR] Error in senddata.php: Access denied for user 'manunggal'@'localhost' (using password: YES)
[2025-08-15 20:28:13] [INFO] Sensor data received: {"suhu":30.0546875,"kelembapan_tanah":0,"ph":14,"relay":false}
[2025-08-15 20:28:13] [INFO] Sensor data received: {"suhu":30.0546875,"kelembapan_tanah":0,"ph":14,"relay":false}
[2025-08-15 20:28:13] [ERROR] Error in senddata.php: Access denied for user 'manunggal'@'localhost' (using password: YES)
[2025-08-15 20:28:13] [ERROR] Error in senddata.php: Access denied for user 'manunggal'@'localhost' (using password: YES)
[2025-08-15 20:28:19] [INFO] Sensor data received: {"suhu":30.0234375,"kelembapan_tanah":0,"ph":14,"relay":false}
[2025-08-15 20:28:19] [INFO] Sensor data received: {"suhu":30.0234375,"kelembapan_tanah":0,"ph":14,"relay":false}
[2025-08-15 20:28:19] [ERROR] Error in senddata.php: Access denied for user 'manunggal'@'localhost' (using password: YES)
[2025-08-15 20:28:19] [ERROR] Error in senddata.php: Access denied for user 'manunggal'@'localhost' (using password: YES)
[2025-08-15 20:28:25] [INFO] Sensor data received: {"suhu":29.9921875,"kelembapan_tanah":0,"ph":14,"relay":false}
[2025-08-15 20:28:25] [INFO] Sensor data received: {"suhu":29.9921875,"kelembapan_tanah":0,"ph":14,"relay":false}
[2025-08-15 20:28:25] [ERROR] Error in senddata.php: Access denied for user 'manunggal'@'localhost' (using password: YES)
[2025-08-15 20:28:25] [ERROR] Error in senddata.php: Access denied for user 'manunggal'@'localhost' (using password: YES)
[2025-08-15 20:28:31] [INFO] Sensor data received: {"suhu":29.96875,"kelembapan_tanah":0,"ph":14,"relay":false}
[2025-08-15 20:28:31] [INFO] Sensor data received: {"suhu":29.96875,"kelembapan_tanah":0,"ph":14,"relay":false}
[2025-08-15 20:28:31] [ERROR] Error in senddata.php: Access denied for user 'manunggal'@'localhost' (using password: YES)
[2025-08-15 20:28:31] [ERROR] Error in senddata.php: Access denied for user 'manunggal'@'localhost' (using password: YES)
[2025-08-15 20:28:37] [INFO] Sensor data received: {"suhu":29.9375,"kelembapan_tanah":0,"ph":14,"relay":false}
[2025-08-15 20:28:37] [INFO] Sensor data received: {"suhu":29.9375,"kelembapan_tanah":0,"ph":14,"relay":false}
[2025-08-15 20:28:37] [ERROR] Error in senddata.php: Access denied for user 'manunggal'@'localhost' (using password: YES)
[2025-08-15 20:28:37] [ERROR] Error in senddata.php: Access denied for user 'manunggal'@'localhost' (using password: YES)
